ERROR - 2023-09-11 03:35:18 --> mysqli_sql_exception: Unknown column 'ob.idobejtivos' in 'where clause' in C:\xampp\htdocs\prunac\system\Database\MySQLi\Connection.php:295
Stack trace:
#0 C:\xampp\htdocs\prunac\system\Database\MySQLi\Connection.php(295): mysqli->query('SELECT *\nFROM `...', 0)
#1 C:\xampp\htdocs\prunac\system\Database\BaseConnection.php(692): CodeIgniter\Database\MySQLi\Connection->execute('SELECT *\nFROM `...')
#2 C:\xampp\htdocs\prunac\system\Database\BaseConnection.php(606): CodeIgniter\Database\BaseConnection->simpleQuery('SELECT *\nFROM `...')
#3 C:\xampp\htdocs\prunac\system\Database\BaseBuilder.php(1616): CodeIgniter\Database\BaseConnection->query('SELECT *\nFROM `...', Array, false)
#4 C:\xampp\htdocs\prunac\app\Models\ObjetivosModel.php(34): CodeIgniter\Database\BaseBuilder->get()
#5 C:\xampp\htdocs\prunac\app\Controllers\Objetivos.php(63): App\Models\ObjetivosModel->getId('2')
#6 C:\xampp\htdocs\prunac\system\CodeIgniter.php(932): App\Controllers\Objetivos->show('2')
#7 C:\xampp\htdocs\prunac\system\CodeIgniter.php(497): CodeIgniter\CodeIgniter->runController(Object(App\Controllers\Objetivos))
#8 C:\xampp\htdocs\prunac\system\CodeIgniter.php(366): CodeIgniter\CodeIgniter->handleRequest(NULL, Object(Config\Cache), false)
#9 C:\xampp\htdocs\prunac\index.php(67): CodeIgniter\CodeIgniter->run()
#10 {main}
CRITICAL - 2023-09-11 03:35:18 --> Unknown column 'ob.idobejtivos' in 'where clause'
in SYSTEMPATH\Database\MySQLi\Connection.php on line 295.
 1 SYSTEMPATH\Database\MySQLi\Connection.php(295): mysqli->query('SELECT *
FROM `objetivos` `ob`
JOIN `situacion` `st` ON `ob`.`idsituacion` = `st`.`idsituacion`
WHERE `ob`.`idobejtivos` = \'2\'
AND `ob`.`estado` = 1', 0)
 2 SYSTEMPATH\Database\BaseConnection.php(692): CodeIgniter\Database\MySQLi\Connection->execute('SELECT *
FROM `objetivos` `ob`
JOIN `situacion` `st` ON `ob`.`idsituacion` = `st`.`idsituacion`
WHERE `ob`.`idobejtivos` = \'2\'
AND `ob`.`estado` = 1')
 3 SYSTEMPATH\Database\BaseConnection.php(606): CodeIgniter\Database\BaseConnection->simpleQuery('SELECT *
FROM `objetivos` `ob`
JOIN `situacion` `st` ON `ob`.`idsituacion` = `st`.`idsituacion`
WHERE `ob`.`idobejtivos` = \'2\'
AND `ob`.`estado` = 1')
 4 SYSTEMPATH\Database\BaseBuilder.php(1616): CodeIgniter\Database\BaseConnection->query('SELECT *
FROM `objetivos` `ob`
JOIN `situacion` `st` ON `ob`.`idsituacion` = `st`.`idsituacion`
WHERE `ob`.`idobejtivos` = :ob.idobejtivos:
AND `ob`.`estado` = :ob.estado:', [...], false)
 5 APPPATH\Models\ObjetivosModel.php(34): CodeIgniter\Database\BaseBuilder->get()
 6 APPPATH\Controllers\Objetivos.php(63): App\Models\ObjetivosModel->getId('2')
 7 SYSTEMPATH\CodeIgniter.php(932): App\Controllers\Objetivos->show('2')
 8 SYSTEMPATH\CodeIgniter.php(497): CodeIgniter\CodeIgniter->runController(Object(App\Controllers\Objetivos))
 9 SYSTEMPATH\CodeIgniter.php(366): CodeIgniter\CodeIgniter->handleRequest(null, Object(Config\Cache), false)
10 FCPATH\index.php(67): CodeIgniter\CodeIgniter->run()
ERROR - 2023-09-11 03:44:52 --> mysqli_sql_exception: Unknown column 'st.nombre' in 'on clause' in C:\xampp\htdocs\prunac\system\Database\MySQLi\Connection.php:295
Stack trace:
#0 C:\xampp\htdocs\prunac\system\Database\MySQLi\Connection.php(295): mysqli->query('SELECT *\nFROM `...', 0)
#1 C:\xampp\htdocs\prunac\system\Database\BaseConnection.php(692): CodeIgniter\Database\MySQLi\Connection->execute('SELECT *\nFROM `...')
#2 C:\xampp\htdocs\prunac\system\Database\BaseConnection.php(606): CodeIgniter\Database\BaseConnection->simpleQuery('SELECT *\nFROM `...')
#3 C:\xampp\htdocs\prunac\system\Database\BaseBuilder.php(1616): CodeIgniter\Database\BaseConnection->query('SELECT *\nFROM `...', Array, false)
#4 C:\xampp\htdocs\prunac\app\Models\ObjetivosModel.php(35): CodeIgniter\Database\BaseBuilder->get()
#5 C:\xampp\htdocs\prunac\app\Controllers\Objetivos.php(63): App\Models\ObjetivosModel->getId('1')
#6 C:\xampp\htdocs\prunac\system\CodeIgniter.php(932): App\Controllers\Objetivos->show('1')
#7 C:\xampp\htdocs\prunac\system\CodeIgniter.php(497): CodeIgniter\CodeIgniter->runController(Object(App\Controllers\Objetivos))
#8 C:\xampp\htdocs\prunac\system\CodeIgniter.php(366): CodeIgniter\CodeIgniter->handleRequest(NULL, Object(Config\Cache), false)
#9 C:\xampp\htdocs\prunac\index.php(67): CodeIgniter\CodeIgniter->run()
#10 {main}
CRITICAL - 2023-09-11 03:44:52 --> Unknown column 'st.nombre' in 'on clause'
in SYSTEMPATH\Database\MySQLi\Connection.php on line 295.
 1 SYSTEMPATH\Database\MySQLi\Connection.php(295): mysqli->query('SELECT *
FROM `objetivos` `ob`
JOIN `situacion` `st` ON `ob`.`idsituacion` = `st`.`nombre`
WHERE `ob`.`idobjetivos` = \'1\'
AND `ob`.`estado` = 1', 0)
 2 SYSTEMPATH\Database\BaseConnection.php(692): CodeIgniter\Database\MySQLi\Connection->execute('SELECT *
FROM `objetivos` `ob`
JOIN `situacion` `st` ON `ob`.`idsituacion` = `st`.`nombre`
WHERE `ob`.`idobjetivos` = \'1\'
AND `ob`.`estado` = 1')
 3 SYSTEMPATH\Database\BaseConnection.php(606): CodeIgniter\Database\BaseConnection->simpleQuery('SELECT *
FROM `objetivos` `ob`
JOIN `situacion` `st` ON `ob`.`idsituacion` = `st`.`nombre`
WHERE `ob`.`idobjetivos` = \'1\'
AND `ob`.`estado` = 1')
 4 SYSTEMPATH\Database\BaseBuilder.php(1616): CodeIgniter\Database\BaseConnection->query('SELECT *
FROM `objetivos` `ob`
JOIN `situacion` `st` ON `ob`.`idsituacion` = `st`.`nombre`
WHERE `ob`.`idobjetivos` = :ob.idobjetivos:
AND `ob`.`estado` = :ob.estado:', [...], false)
 5 APPPATH\Models\ObjetivosModel.php(35): CodeIgniter\Database\BaseBuilder->get()
 6 APPPATH\Controllers\Objetivos.php(63): App\Models\ObjetivosModel->getId('1')
 7 SYSTEMPATH\CodeIgniter.php(932): App\Controllers\Objetivos->show('1')
 8 SYSTEMPATH\CodeIgniter.php(497): CodeIgniter\CodeIgniter->runController(Object(App\Controllers\Objetivos))
 9 SYSTEMPATH\CodeIgniter.php(366): CodeIgniter\CodeIgniter->handleRequest(null, Object(Config\Cache), false)
10 FCPATH\index.php(67): CodeIgniter\CodeIgniter->run()
