CRITICAL - 2023-07-04 01:06:27 --> Undefined variable: data
in APPPATH\Views\principal.php on line 68.
 1 APPPATH\Views\principal.php(68): CodeIgniter\Debug\Exceptions->errorHandler(8, 'Undefined variable: data', 'C:\\xamp\\htdocs\\minimarkets\\app\\Views\\principal.php', 68, [...])
 2 SYSTEMPATH\View\View.php(224): include('C:\\xamp\\htdocs\\minimarkets\\app\\Views\\principal.php')
 3 SYSTEMPATH\View\View.php(227): CodeIgniter\View\View->CodeIgniter\View\{closure}()
 4 SYSTEMPATH\Common.php(1180): CodeIgniter\View\View->render('principal', [], true)
 5 APPPATH\Controllers\Home.php(17): view('principal', [...])
 6 SYSTEMPATH\CodeIgniter.php(932): App\Controllers\Home->index()
 7 SYSTEMPATH\CodeIgniter.php(497): CodeIgniter\CodeIgniter->runController(Object(App\Controllers\Home))
 8 SYSTEMPATH\CodeIgniter.php(366): CodeIgniter\CodeIgniter->handleRequest(null, Object(Config\Cache), false)
 9 FCPATH\index.php(67): CodeIgniter\CodeIgniter->run()
CRITICAL - 2023-07-04 01:08:29 --> Undefined variable: data
in APPPATH\Views\principal.php on line 68.
 1 APPPATH\Views\principal.php(68): CodeIgniter\Debug\Exceptions->errorHandler(8, 'Undefined variable: data', 'C:\\xamp\\htdocs\\minimarkets\\app\\Views\\principal.php', 68, [...])
 2 SYSTEMPATH\View\View.php(224): include('C:\\xamp\\htdocs\\minimarkets\\app\\Views\\principal.php')
 3 SYSTEMPATH\View\View.php(227): CodeIgniter\View\View->CodeIgniter\View\{closure}()
 4 SYSTEMPATH\Common.php(1180): CodeIgniter\View\View->render('principal', [], true)
 5 APPPATH\Controllers\Home.php(17): view('principal', [...])
 6 SYSTEMPATH\CodeIgniter.php(932): App\Controllers\Home->index()
 7 SYSTEMPATH\CodeIgniter.php(497): CodeIgniter\CodeIgniter->runController(Object(App\Controllers\Home))
 8 SYSTEMPATH\CodeIgniter.php(366): CodeIgniter\CodeIgniter->handleRequest(null, Object(Config\Cache), false)
 9 FCPATH\index.php(67): CodeIgniter\CodeIgniter->run()
CRITICAL - 2023-07-04 01:09:13 --> Undefined variable: data
in APPPATH\Views\principal.php on line 68.
 1 APPPATH\Views\principal.php(68): CodeIgniter\Debug\Exceptions->errorHandler(8, 'Undefined variable: data', 'C:\\xamp\\htdocs\\minimarkets\\app\\Views\\principal.php', 68, [...])
 2 SYSTEMPATH\View\View.php(224): include('C:\\xamp\\htdocs\\minimarkets\\app\\Views\\principal.php')
 3 SYSTEMPATH\View\View.php(227): CodeIgniter\View\View->CodeIgniter\View\{closure}()
 4 SYSTEMPATH\Common.php(1180): CodeIgniter\View\View->render('principal', [], true)
 5 APPPATH\Controllers\Home.php(17): view('principal', [...])
 6 SYSTEMPATH\CodeIgniter.php(932): App\Controllers\Home->index()
 7 SYSTEMPATH\CodeIgniter.php(497): CodeIgniter\CodeIgniter->runController(Object(App\Controllers\Home))
 8 SYSTEMPATH\CodeIgniter.php(366): CodeIgniter\CodeIgniter->handleRequest(null, Object(Config\Cache), false)
 9 FCPATH\index.php(67): CodeIgniter\CodeIgniter->run()
CRITICAL - 2023-07-04 01:09:31 --> Undefined variable: data
in APPPATH\Views\principal.php on line 68.
 1 APPPATH\Views\principal.php(68): CodeIgniter\Debug\Exceptions->errorHandler(8, 'Undefined variable: data', 'C:\\xamp\\htdocs\\minimarkets\\app\\Views\\principal.php', 68, [...])
 2 SYSTEMPATH\View\View.php(224): include('C:\\xamp\\htdocs\\minimarkets\\app\\Views\\principal.php')
 3 SYSTEMPATH\View\View.php(227): CodeIgniter\View\View->CodeIgniter\View\{closure}()
 4 SYSTEMPATH\Common.php(1180): CodeIgniter\View\View->render('principal', [], true)
 5 APPPATH\Controllers\Home.php(17): view('principal', [...])
 6 SYSTEMPATH\CodeIgniter.php(932): App\Controllers\Home->index()
 7 SYSTEMPATH\CodeIgniter.php(497): CodeIgniter\CodeIgniter->runController(Object(App\Controllers\Home))
 8 SYSTEMPATH\CodeIgniter.php(366): CodeIgniter\CodeIgniter->handleRequest(null, Object(Config\Cache), false)
 9 FCPATH\index.php(67): CodeIgniter\CodeIgniter->run()
CRITICAL - 2023-07-04 01:10:56 --> Undefined variable: data
in APPPATH\Views\principal.php on line 68.
 1 APPPATH\Views\principal.php(68): CodeIgniter\Debug\Exceptions->errorHandler(8, 'Undefined variable: data', 'C:\\xamp\\htdocs\\minimarkets\\app\\Views\\principal.php', 68, [...])
 2 SYSTEMPATH\View\View.php(224): include('C:\\xamp\\htdocs\\minimarkets\\app\\Views\\principal.php')
 3 SYSTEMPATH\View\View.php(227): CodeIgniter\View\View->CodeIgniter\View\{closure}()
 4 SYSTEMPATH\Common.php(1180): CodeIgniter\View\View->render('principal', [], true)
 5 APPPATH\Controllers\Home.php(17): view('principal', [...])
 6 SYSTEMPATH\CodeIgniter.php(932): App\Controllers\Home->index()
 7 SYSTEMPATH\CodeIgniter.php(497): CodeIgniter\CodeIgniter->runController(Object(App\Controllers\Home))
 8 SYSTEMPATH\CodeIgniter.php(366): CodeIgniter\CodeIgniter->handleRequest(null, Object(Config\Cache), false)
 9 FCPATH\index.php(67): CodeIgniter\CodeIgniter->run()
CRITICAL - 2023-07-04 01:11:39 --> Undefined index: r_social
in APPPATH\Views\principal.php on line 72.
 1 APPPATH\Views\principal.php(72): CodeIgniter\Debug\Exceptions->errorHandler(8, 'Undefined index: r_social', 'C:\\xamp\\htdocs\\minimarkets\\app\\Views\\principal.php', 72, [...])
 2 SYSTEMPATH\View\View.php(224): include('C:\\xamp\\htdocs\\minimarkets\\app\\Views\\principal.php')
 3 SYSTEMPATH\View\View.php(227): CodeIgniter\View\View->CodeIgniter\View\{closure}()
 4 SYSTEMPATH\Common.php(1180): CodeIgniter\View\View->render('principal', [], true)
 5 APPPATH\Controllers\Home.php(17): view('principal', [...])
 6 SYSTEMPATH\CodeIgniter.php(932): App\Controllers\Home->index()
 7 SYSTEMPATH\CodeIgniter.php(497): CodeIgniter\CodeIgniter->runController(Object(App\Controllers\Home))
 8 SYSTEMPATH\CodeIgniter.php(366): CodeIgniter\CodeIgniter->handleRequest(null, Object(Config\Cache), false)
 9 FCPATH\index.php(67): CodeIgniter\CodeIgniter->run()
CRITICAL - 2023-07-04 01:11:53 --> Undefined index: r_social
in APPPATH\Views\principal.php on line 72.
 1 APPPATH\Views\principal.php(72): CodeIgniter\Debug\Exceptions->errorHandler(8, 'Undefined index: r_social', 'C:\\xamp\\htdocs\\minimarkets\\app\\Views\\principal.php', 72, [...])
 2 SYSTEMPATH\View\View.php(224): include('C:\\xamp\\htdocs\\minimarkets\\app\\Views\\principal.php')
 3 SYSTEMPATH\View\View.php(227): CodeIgniter\View\View->CodeIgniter\View\{closure}()
 4 SYSTEMPATH\Common.php(1180): CodeIgniter\View\View->render('principal', [], true)
 5 APPPATH\Controllers\Home.php(17): view('principal', [...])
 6 SYSTEMPATH\CodeIgniter.php(932): App\Controllers\Home->index()
 7 SYSTEMPATH\CodeIgniter.php(497): CodeIgniter\CodeIgniter->runController(Object(App\Controllers\Home))
 8 SYSTEMPATH\CodeIgniter.php(366): CodeIgniter\CodeIgniter->handleRequest(null, Object(Config\Cache), false)
 9 FCPATH\index.php(67): CodeIgniter\CodeIgniter->run()
CRITICAL - 2023-07-04 01:12:09 --> Undefined index: r_social
in APPPATH\Views\principal.php on line 72.
 1 APPPATH\Views\principal.php(72): CodeIgniter\Debug\Exceptions->errorHandler(8, 'Undefined index: r_social', 'C:\\xamp\\htdocs\\minimarkets\\app\\Views\\principal.php', 72, [...])
 2 SYSTEMPATH\View\View.php(224): include('C:\\xamp\\htdocs\\minimarkets\\app\\Views\\principal.php')
 3 SYSTEMPATH\View\View.php(227): CodeIgniter\View\View->CodeIgniter\View\{closure}()
 4 SYSTEMPATH\Common.php(1180): CodeIgniter\View\View->render('principal', [], true)
 5 APPPATH\Controllers\Home.php(17): view('principal', [...])
 6 SYSTEMPATH\CodeIgniter.php(932): App\Controllers\Home->index()
 7 SYSTEMPATH\CodeIgniter.php(497): CodeIgniter\CodeIgniter->runController(Object(App\Controllers\Home))
 8 SYSTEMPATH\CodeIgniter.php(366): CodeIgniter\CodeIgniter->handleRequest(null, Object(Config\Cache), false)
 9 FCPATH\index.php(67): CodeIgniter\CodeIgniter->run()
CRITICAL - 2023-07-04 01:13:03 --> Undefined variable: data
in APPPATH\Views\principal.php on line 66.
 1 APPPATH\Views\principal.php(66): CodeIgniter\Debug\Exceptions->errorHandler(8, 'Undefined variable: data', 'C:\\xamp\\htdocs\\minimarkets\\app\\Views\\principal.php', 66, [...])
 2 SYSTEMPATH\View\View.php(224): include('C:\\xamp\\htdocs\\minimarkets\\app\\Views\\principal.php')
 3 SYSTEMPATH\View\View.php(227): CodeIgniter\View\View->CodeIgniter\View\{closure}()
 4 SYSTEMPATH\Common.php(1180): CodeIgniter\View\View->render('principal', [], true)
 5 APPPATH\Controllers\Home.php(17): view('principal', [...])
 6 SYSTEMPATH\CodeIgniter.php(932): App\Controllers\Home->index()
 7 SYSTEMPATH\CodeIgniter.php(497): CodeIgniter\CodeIgniter->runController(Object(App\Controllers\Home))
 8 SYSTEMPATH\CodeIgniter.php(366): CodeIgniter\CodeIgniter->handleRequest(null, Object(Config\Cache), false)
 9 FCPATH\index.php(67): CodeIgniter\CodeIgniter->run()
CRITICAL - 2023-07-04 01:13:21 --> Undefined variable: data
in APPPATH\Views\principal.php on line 66.
 1 APPPATH\Views\principal.php(66): CodeIgniter\Debug\Exceptions->errorHandler(8, 'Undefined variable: data', 'C:\\xamp\\htdocs\\minimarkets\\app\\Views\\principal.php', 66, [...])
 2 SYSTEMPATH\View\View.php(224): include('C:\\xamp\\htdocs\\minimarkets\\app\\Views\\principal.php')
 3 SYSTEMPATH\View\View.php(227): CodeIgniter\View\View->CodeIgniter\View\{closure}()
 4 SYSTEMPATH\Common.php(1180): CodeIgniter\View\View->render('principal', [], true)
 5 APPPATH\Controllers\Home.php(17): view('principal', [...])
 6 SYSTEMPATH\CodeIgniter.php(932): App\Controllers\Home->index()
 7 SYSTEMPATH\CodeIgniter.php(497): CodeIgniter\CodeIgniter->runController(Object(App\Controllers\Home))
 8 SYSTEMPATH\CodeIgniter.php(366): CodeIgniter\CodeIgniter->handleRequest(null, Object(Config\Cache), false)
 9 FCPATH\index.php(67): CodeIgniter\CodeIgniter->run()
CRITICAL - 2023-07-04 01:15:18 --> Undefined variable: data
in APPPATH\Views\principal.php on line 68.
 1 APPPATH\Views\principal.php(68): CodeIgniter\Debug\Exceptions->errorHandler(8, 'Undefined variable: data', 'C:\\xamp\\htdocs\\minimarkets\\app\\Views\\principal.php', 68, [...])
 2 SYSTEMPATH\View\View.php(224): include('C:\\xamp\\htdocs\\minimarkets\\app\\Views\\principal.php')
 3 SYSTEMPATH\View\View.php(227): CodeIgniter\View\View->CodeIgniter\View\{closure}()
 4 SYSTEMPATH\Common.php(1180): CodeIgniter\View\View->render('principal', [], true)
 5 APPPATH\Controllers\Home.php(17): view('principal', [...])
 6 SYSTEMPATH\CodeIgniter.php(932): App\Controllers\Home->index()
 7 SYSTEMPATH\CodeIgniter.php(497): CodeIgniter\CodeIgniter->runController(Object(App\Controllers\Home))
 8 SYSTEMPATH\CodeIgniter.php(366): CodeIgniter\CodeIgniter->handleRequest(null, Object(Config\Cache), false)
 9 FCPATH\index.php(67): CodeIgniter\CodeIgniter->run()
CRITICAL - 2023-07-04 01:16:07 --> Undefined variable: data
in APPPATH\Views\principal.php on line 68.
 1 APPPATH\Views\principal.php(68): CodeIgniter\Debug\Exceptions->errorHandler(8, 'Undefined variable: data', 'C:\\xamp\\htdocs\\minimarkets\\app\\Views\\principal.php', 68, [...])
 2 SYSTEMPATH\View\View.php(224): include('C:\\xamp\\htdocs\\minimarkets\\app\\Views\\principal.php')
 3 SYSTEMPATH\View\View.php(227): CodeIgniter\View\View->CodeIgniter\View\{closure}()
 4 SYSTEMPATH\Common.php(1180): CodeIgniter\View\View->render('principal', [], true)
 5 APPPATH\Controllers\Home.php(17): view('principal', [...])
 6 SYSTEMPATH\CodeIgniter.php(932): App\Controllers\Home->index()
 7 SYSTEMPATH\CodeIgniter.php(497): CodeIgniter\CodeIgniter->runController(Object(App\Controllers\Home))
 8 SYSTEMPATH\CodeIgniter.php(366): CodeIgniter\CodeIgniter->handleRequest(null, Object(Config\Cache), false)
 9 FCPATH\index.php(67): CodeIgniter\CodeIgniter->run()
CRITICAL - 2023-07-04 01:18:40 --> Undefined variable: data
in APPPATH\Views\principal.php on line 68.
 1 APPPATH\Views\principal.php(68): CodeIgniter\Debug\Exceptions->errorHandler(8, 'Undefined variable: data', 'C:\\xamp\\htdocs\\minimarkets\\app\\Views\\principal.php', 68, [...])
 2 SYSTEMPATH\View\View.php(224): include('C:\\xamp\\htdocs\\minimarkets\\app\\Views\\principal.php')
 3 SYSTEMPATH\View\View.php(227): CodeIgniter\View\View->CodeIgniter\View\{closure}()
 4 SYSTEMPATH\Common.php(1180): CodeIgniter\View\View->render('principal', [], true)
 5 APPPATH\Controllers\Home.php(17): view('principal', [...])
 6 SYSTEMPATH\CodeIgniter.php(932): App\Controllers\Home->index()
 7 SYSTEMPATH\CodeIgniter.php(497): CodeIgniter\CodeIgniter->runController(Object(App\Controllers\Home))
 8 SYSTEMPATH\CodeIgniter.php(366): CodeIgniter\CodeIgniter->handleRequest(null, Object(Config\Cache), false)
 9 FCPATH\index.php(67): CodeIgniter\CodeIgniter->run()
CRITICAL - 2023-07-04 01:22:46 --> Undefined variable: datos
in APPPATH\Views\principal.php on line 68.
 1 APPPATH\Views\principal.php(68): CodeIgniter\Debug\Exceptions->errorHandler(8, 'Undefined variable: datos', 'C:\\xamp\\htdocs\\minimarkets\\app\\Views\\principal.php', 68, [...])
 2 SYSTEMPATH\View\View.php(224): include('C:\\xamp\\htdocs\\minimarkets\\app\\Views\\principal.php')
 3 SYSTEMPATH\View\View.php(227): CodeIgniter\View\View->CodeIgniter\View\{closure}()
 4 SYSTEMPATH\Common.php(1180): CodeIgniter\View\View->render('principal', [], true)
 5 APPPATH\Controllers\Home.php(17): view('principal', [...])
 6 SYSTEMPATH\CodeIgniter.php(932): App\Controllers\Home->index()
 7 SYSTEMPATH\CodeIgniter.php(497): CodeIgniter\CodeIgniter->runController(Object(App\Controllers\Home))
 8 SYSTEMPATH\CodeIgniter.php(366): CodeIgniter\CodeIgniter->handleRequest(null, Object(Config\Cache), false)
 9 FCPATH\index.php(67): CodeIgniter\CodeIgniter->run()
CRITICAL - 2023-07-04 01:23:10 --> Undefined variable: datos
in APPPATH\Views\principal.php on line 68.
 1 APPPATH\Views\principal.php(68): CodeIgniter\Debug\Exceptions->errorHandler(8, 'Undefined variable: datos', 'C:\\xamp\\htdocs\\minimarkets\\app\\Views\\principal.php', 68, [...])
 2 SYSTEMPATH\View\View.php(224): include('C:\\xamp\\htdocs\\minimarkets\\app\\Views\\principal.php')
 3 SYSTEMPATH\View\View.php(227): CodeIgniter\View\View->CodeIgniter\View\{closure}()
 4 SYSTEMPATH\Common.php(1180): CodeIgniter\View\View->render('principal', [], true)
 5 APPPATH\Controllers\Home.php(17): view('principal', [...])
 6 SYSTEMPATH\CodeIgniter.php(932): App\Controllers\Home->index()
 7 SYSTEMPATH\CodeIgniter.php(497): CodeIgniter\CodeIgniter->runController(Object(App\Controllers\Home))
 8 SYSTEMPATH\CodeIgniter.php(366): CodeIgniter\CodeIgniter->handleRequest(null, Object(Config\Cache), false)
 9 FCPATH\index.php(67): CodeIgniter\CodeIgniter->run()
CRITICAL - 2023-07-04 01:23:25 --> Undefined index: descripcion
in APPPATH\Views\principal.php on line 77.
 1 APPPATH\Views\principal.php(77): CodeIgniter\Debug\Exceptions->errorHandler(8, 'Undefined index: descripcion', 'C:\\xamp\\htdocs\\minimarkets\\app\\Views\\principal.php', 77, [...])
 2 SYSTEMPATH\View\View.php(224): include('C:\\xamp\\htdocs\\minimarkets\\app\\Views\\principal.php')
 3 SYSTEMPATH\View\View.php(227): CodeIgniter\View\View->CodeIgniter\View\{closure}()
 4 SYSTEMPATH\Common.php(1180): CodeIgniter\View\View->render('principal', [], true)
 5 APPPATH\Controllers\Home.php(17): view('principal', [...])
 6 SYSTEMPATH\CodeIgniter.php(932): App\Controllers\Home->index()
 7 SYSTEMPATH\CodeIgniter.php(497): CodeIgniter\CodeIgniter->runController(Object(App\Controllers\Home))
 8 SYSTEMPATH\CodeIgniter.php(366): CodeIgniter\CodeIgniter->handleRequest(null, Object(Config\Cache), false)
 9 FCPATH\index.php(67): CodeIgniter\CodeIgniter->run()
CRITICAL - 2023-07-04 01:23:34 --> Undefined index: empresa_id
in APPPATH\Views\principal.php on line 80.
 1 APPPATH\Views\principal.php(80): CodeIgniter\Debug\Exceptions->errorHandler(8, 'Undefined index: empresa_id', 'C:\\xamp\\htdocs\\minimarkets\\app\\Views\\principal.php', 80, [...])
 2 SYSTEMPATH\View\View.php(224): include('C:\\xamp\\htdocs\\minimarkets\\app\\Views\\principal.php')
 3 SYSTEMPATH\View\View.php(227): CodeIgniter\View\View->CodeIgniter\View\{closure}()
 4 SYSTEMPATH\Common.php(1180): CodeIgniter\View\View->render('principal', [], true)
 5 APPPATH\Controllers\Home.php(17): view('principal', [...])
 6 SYSTEMPATH\CodeIgniter.php(932): App\Controllers\Home->index()
 7 SYSTEMPATH\CodeIgniter.php(497): CodeIgniter\CodeIgniter->runController(Object(App\Controllers\Home))
 8 SYSTEMPATH\CodeIgniter.php(366): CodeIgniter\CodeIgniter->handleRequest(null, Object(Config\Cache), false)
 9 FCPATH\index.php(67): CodeIgniter\CodeIgniter->run()
INFO - 2023-07-04 01:24:40 --> Session: Class initialized using 'CodeIgniter\Session\Handlers\FileHandler' driver.
INFO - 2023-07-04 01:24:56 --> Session: Class initialized using 'CodeIgniter\Session\Handlers\FileHandler' driver.
INFO - 2023-07-04 01:24:56 --> Session: Class initialized using 'CodeIgniter\Session\Handlers\FileHandler' driver.
INFO - 2023-07-04 01:25:03 --> Session: Class initialized using 'CodeIgniter\Session\Handlers\FileHandler' driver.
INFO - 2023-07-04 01:25:03 --> Session: Class initialized using 'CodeIgniter\Session\Handlers\FileHandler' driver.
INFO - 2023-07-04 01:26:48 --> Session: Class initialized using 'CodeIgniter\Session\Handlers\FileHandler' driver.
INFO - 2023-07-04 01:26:51 --> Session: Class initialized using 'CodeIgniter\Session\Handlers\FileHandler' driver.
INFO - 2023-07-04 01:26:53 --> Session: Class initialized using 'CodeIgniter\Session\Handlers\FileHandler' driver.
INFO - 2023-07-04 01:27:25 --> Session: Class initialized using 'CodeIgniter\Session\Handlers\FileHandler' driver.
INFO - 2023-07-04 01:28:33 --> Session: Class initialized using 'CodeIgniter\Session\Handlers\FileHandler' driver.
INFO - 2023-07-04 01:28:33 --> Session: Class initialized using 'CodeIgniter\Session\Handlers\FileHandler' driver.
INFO - 2023-07-04 01:29:48 --> Session: Class initialized using 'CodeIgniter\Session\Handlers\FileHandler' driver.
INFO - 2023-07-04 01:30:01 --> Session: Class initialized using 'CodeIgniter\Session\Handlers\FileHandler' driver.
INFO - 2023-07-04 01:30:02 --> Session: Class initialized using 'CodeIgniter\Session\Handlers\FileHandler' driver.
INFO - 2023-07-04 01:30:20 --> Session: Class initialized using 'CodeIgniter\Session\Handlers\FileHandler' driver.
INFO - 2023-07-04 01:31:45 --> Session: Class initialized using 'CodeIgniter\Session\Handlers\FileHandler' driver.
INFO - 2023-07-04 01:31:48 --> Session: Class initialized using 'CodeIgniter\Session\Handlers\FileHandler' driver.
INFO - 2023-07-04 01:31:50 --> Session: Class initialized using 'CodeIgniter\Session\Handlers\FileHandler' driver.
INFO - 2023-07-04 01:32:11 --> Session: Class initialized using 'CodeIgniter\Session\Handlers\FileHandler' driver.
INFO - 2023-07-04 01:32:13 --> Session: Class initialized using 'CodeIgniter\Session\Handlers\FileHandler' driver.
INFO - 2023-07-04 01:44:30 --> Session: Class initialized using 'CodeIgniter\Session\Handlers\FileHandler' driver.
INFO - 2023-07-04 01:47:23 --> Session: Class initialized using 'CodeIgniter\Session\Handlers\FileHandler' driver.
INFO - 2023-07-04 01:48:15 --> Session: Class initialized using 'CodeIgniter\Session\Handlers\FileHandler' driver.
INFO - 2023-07-04 01:49:15 --> Session: Class initialized using 'CodeIgniter\Session\Handlers\FileHandler' driver.
INFO - 2023-07-04 01:49:24 --> Session: Class initialized using 'CodeIgniter\Session\Handlers\FileHandler' driver.
INFO - 2023-07-04 01:49:39 --> Session: Class initialized using 'CodeIgniter\Session\Handlers\FileHandler' driver.
INFO - 2023-07-04 01:49:49 --> Session: Class initialized using 'CodeIgniter\Session\Handlers\FileHandler' driver.
INFO - 2023-07-04 01:50:04 --> Session: Class initialized using 'CodeIgniter\Session\Handlers\FileHandler' driver.
INFO - 2023-07-04 01:50:54 --> Session: Class initialized using 'CodeIgniter\Session\Handlers\FileHandler' driver.
INFO - 2023-07-04 03:09:43 --> Session: Class initialized using 'CodeIgniter\Session\Handlers\FileHandler' driver.
INFO - 2023-07-04 03:09:43 --> Session: Class initialized using 'CodeIgniter\Session\Handlers\FileHandler' driver.
INFO - 2023-07-04 03:09:44 --> Session: Class initialized using 'CodeIgniter\Session\Handlers\FileHandler' driver.
INFO - 2023-07-04 03:09:44 --> Session: Class initialized using 'CodeIgniter\Session\Handlers\FileHandler' driver.
INFO - 2023-07-04 03:09:46 --> Session: Class initialized using 'CodeIgniter\Session\Handlers\FileHandler' driver.
INFO - 2023-07-04 03:09:46 --> Session: Class initialized using 'CodeIgniter\Session\Handlers\FileHandler' driver.
INFO - 2023-07-04 03:09:50 --> Session: Class initialized using 'CodeIgniter\Session\Handlers\FileHandler' driver.
INFO - 2023-07-04 03:09:50 --> Session: Class initialized using 'CodeIgniter\Session\Handlers\FileHandler' driver.
INFO - 2023-07-04 03:09:51 --> Session: Class initialized using 'CodeIgniter\Session\Handlers\FileHandler' driver.
INFO - 2023-07-04 03:09:51 --> Session: Class initialized using 'CodeIgniter\Session\Handlers\FileHandler' driver.
INFO - 2023-07-04 03:09:51 --> Session: Class initialized using 'CodeIgniter\Session\Handlers\FileHandler' driver.
INFO - 2023-07-04 03:09:51 --> Session: Class initialized using 'CodeIgniter\Session\Handlers\FileHandler' driver.
INFO - 2023-07-04 03:09:51 --> Session: Class initialized using 'CodeIgniter\Session\Handlers\FileHandler' driver.
INFO - 2023-07-04 03:09:51 --> Session: Class initialized using 'CodeIgniter\Session\Handlers\FileHandler' driver.
ERROR - 2023-07-04 04:54:00 --> mysqli_sql_exception: Unknown column 'su.tienda_id' in 'on clause' in C:\xamp\htdocs\minimarkets\system\Database\MySQLi\Connection.php:295
Stack trace:
#0 C:\xamp\htdocs\minimarkets\system\Database\MySQLi\Connection.php(295): mysqli->query('SELECT *\nFROM `...', 0)
#1 C:\xamp\htdocs\minimarkets\system\Database\BaseConnection.php(692): CodeIgniter\Database\MySQLi\Connection->execute('SELECT *\nFROM `...')
#2 C:\xamp\htdocs\minimarkets\system\Database\BaseConnection.php(606): CodeIgniter\Database\BaseConnection->simpleQuery('SELECT *\nFROM `...')
#3 C:\xamp\htdocs\minimarkets\system\Database\BaseBuilder.php(1616): CodeIgniter\Database\BaseConnection->query('SELECT *\nFROM `...', Array, false)
#4 C:\xamp\htdocs\minimarkets\app\Models\SucursalesModel.php(24): CodeIgniter\Database\BaseBuilder->get()
#5 C:\xamp\htdocs\minimarkets\app\Controllers\Sucursales.php(20): App\Models\SucursalesModel->getSucursales()
#6 C:\xamp\htdocs\minimarkets\system\CodeIgniter.php(932): App\Controllers\Sucursales->index()
#7 C:\xamp\htdocs\minimarkets\system\CodeIgniter.php(497): CodeIgniter\CodeIgniter->runController(Object(App\Controllers\Sucursales))
#8 C:\xamp\htdocs\minimarkets\system\CodeIgniter.php(366): CodeIgniter\CodeIgniter->handleRequest(NULL, Object(Config\Cache), false)
#9 C:\xamp\htdocs\minimarkets\index.php(67): CodeIgniter\CodeIgniter->run()
#10 {main}
CRITICAL - 2023-07-04 04:54:00 --> Unknown column 'su.tienda_id' in 'on clause'
in SYSTEMPATH\Database\MySQLi\Connection.php on line 295.
 1 SYSTEMPATH\Database\MySQLi\Connection.php(295): mysqli->query('SELECT *
FROM `sucursales` `su`
JOIN `tiendas` `t` ON `su`.`tienda_id` = `t`.`id_datos`
WHERE `su`.`estado` = 1', 0)
 2 SYSTEMPATH\Database\BaseConnection.php(692): CodeIgniter\Database\MySQLi\Connection->execute('SELECT *
FROM `sucursales` `su`
JOIN `tiendas` `t` ON `su`.`tienda_id` = `t`.`id_datos`
WHERE `su`.`estado` = 1')
 3 SYSTEMPATH\Database\BaseConnection.php(606): CodeIgniter\Database\BaseConnection->simpleQuery('SELECT *
FROM `sucursales` `su`
JOIN `tiendas` `t` ON `su`.`tienda_id` = `t`.`id_datos`
WHERE `su`.`estado` = 1')
 4 SYSTEMPATH\Database\BaseBuilder.php(1616): CodeIgniter\Database\BaseConnection->query('SELECT *
FROM `sucursales` `su`
JOIN `tiendas` `t` ON `su`.`tienda_id` = `t`.`id_datos`
WHERE `su`.`estado` = :su.estado:', [...], false)
 5 APPPATH\Models\SucursalesModel.php(24): CodeIgniter\Database\BaseBuilder->get()
 6 APPPATH\Controllers\Sucursales.php(20): App\Models\SucursalesModel->getSucursales()
 7 SYSTEMPATH\CodeIgniter.php(932): App\Controllers\Sucursales->index()
 8 SYSTEMPATH\CodeIgniter.php(497): CodeIgniter\CodeIgniter->runController(Object(App\Controllers\Sucursales))
 9 SYSTEMPATH\CodeIgniter.php(366): CodeIgniter\CodeIgniter->handleRequest(null, Object(Config\Cache), false)
10 FCPATH\index.php(67): CodeIgniter\CodeIgniter->run()
CRITICAL - 2023-07-04 05:13:47 --> Class 'App\Models\UsersModel' not found
in APPPATH\Controllers\Auth.php on line 89.
 1 SYSTEMPATH\CodeIgniter.php(932): App\Controllers\Auth->loginlocal()
 2 SYSTEMPATH\CodeIgniter.php(497): CodeIgniter\CodeIgniter->runController(Object(App\Controllers\Auth))
 3 SYSTEMPATH\CodeIgniter.php(366): CodeIgniter\CodeIgniter->handleRequest(null, Object(Config\Cache), false)
 4 FCPATH\index.php(67): CodeIgniter\CodeIgniter->run()
CRITICAL - 2023-07-04 05:13:57 --> Class 'App\Models\UsersModel' not found
in APPPATH\Controllers\Auth.php on line 89.
 1 SYSTEMPATH\CodeIgniter.php(932): App\Controllers\Auth->loginlocal()
 2 SYSTEMPATH\CodeIgniter.php(497): CodeIgniter\CodeIgniter->runController(Object(App\Controllers\Auth))
 3 SYSTEMPATH\CodeIgniter.php(366): CodeIgniter\CodeIgniter->handleRequest(null, Object(Config\Cache), false)
 4 FCPATH\index.php(67): CodeIgniter\CodeIgniter->run()
CRITICAL - 2023-07-04 20:41:11 --> Class 'App\Models\UsersModel' not found
in APPPATH\Controllers\Auth.php on line 89.
 1 SYSTEMPATH\CodeIgniter.php(932): App\Controllers\Auth->loginlocal()
 2 SYSTEMPATH\CodeIgniter.php(497): CodeIgniter\CodeIgniter->runController(Object(App\Controllers\Auth))
 3 SYSTEMPATH\CodeIgniter.php(366): CodeIgniter\CodeIgniter->handleRequest(null, Object(Config\Cache), false)
 4 FCPATH\index.php(67): CodeIgniter\CodeIgniter->run()
