INFO - 2023-07-02 03:47:01 --> Session: Class initialized using 'CodeIgniter\Session\Handlers\FileHandler' driver.
INFO - 2023-07-02 03:47:09 --> Session: Class initialized using 'CodeIgniter\Session\Handlers\FileHandler' driver.
INFO - 2023-07-02 03:47:09 --> Session: Class initialized using 'CodeIgniter\Session\Handlers\FileHandler' driver.
INFO - 2023-07-02 14:32:08 --> Session: Class initialized using 'CodeIgniter\Session\Handlers\FileHandler' driver.
INFO - 2023-07-02 14:32:16 --> Session: Class initialized using 'CodeIgniter\Session\Handlers\FileHandler' driver.
INFO - 2023-07-02 14:32:17 --> Session: Class initialized using 'CodeIgniter\Session\Handlers\FileHandler' driver.
INFO - 2023-07-02 14:32:25 --> Session: Class initialized using 'CodeIgniter\Session\Handlers\FileHandler' driver.
INFO - 2023-07-02 14:32:25 --> Session: Class initialized using 'CodeIgniter\Session\Handlers\FileHandler' driver.
INFO - 2023-07-02 14:32:31 --> Session: Class initialized using 'CodeIgniter\Session\Handlers\FileHandler' driver.
INFO - 2023-07-02 14:32:37 --> Session: Class initialized using 'CodeIgniter\Session\Handlers\FileHandler' driver.
INFO - 2023-07-02 14:33:02 --> Session: Class initialized using 'CodeIgniter\Session\Handlers\FileHandler' driver.
INFO - 2023-07-02 16:14:12 --> Session: Class initialized using 'CodeIgniter\Session\Handlers\FileHandler' driver.
CRITICAL - 2023-07-02 16:20:23 --> Undefined index: nombre
in APPPATH\Views\principal.php on line 45.
 1 APPPATH\Views\principal.php(45): CodeIgniter\Debug\Exceptions->errorHandler(8, 'Undefined index: nombre', 'C:\\xamp\\htdocs\\minimarkets\\app\\Views\\principal.php', 45, [...])
 2 SYSTEMPATH\View\View.php(224): include('C:\\xamp\\htdocs\\minimarkets\\app\\Views\\principal.php')
 3 SYSTEMPATH\View\View.php(227): CodeIgniter\View\View->CodeIgniter\View\{closure}()
 4 SYSTEMPATH\Common.php(1180): CodeIgniter\View\View->render('principal', [], true)
 5 APPPATH\Controllers\Principal.php(17): view('principal', [...])
 6 SYSTEMPATH\CodeIgniter.php(932): App\Controllers\Principal->index()
 7 SYSTEMPATH\CodeIgniter.php(497): CodeIgniter\CodeIgniter->runController(Object(App\Controllers\Principal))
 8 SYSTEMPATH\CodeIgniter.php(366): CodeIgniter\CodeIgniter->handleRequest(null, Object(Config\Cache), false)
 9 FCPATH\index.php(67): CodeIgniter\CodeIgniter->run()
CRITICAL - 2023-07-02 16:41:15 --> Call to a member function check() on null
in APPPATH\Controllers\Users.php on line 102.
 1 APPPATH\Controllers\Users.php(13): App\Controllers\Users->protect('admin')
 2 SYSTEMPATH\CodeIgniter.php(904): App\Controllers\Users->__construct()
 3 SYSTEMPATH\CodeIgniter.php(488): CodeIgniter\CodeIgniter->createController()
 4 SYSTEMPATH\CodeIgniter.php(366): CodeIgniter\CodeIgniter->handleRequest(null, Object(Config\Cache), false)
 5 FCPATH\index.php(67): CodeIgniter\CodeIgniter->run()
CRITICAL - 2023-07-02 16:42:51 --> Too few arguments to function App\Controllers\Users::__construct(), 0 passed in C:\xamp\htdocs\minimarkets\system\CodeIgniter.php on line 904 and exactly 1 expected
in APPPATH\Controllers\Users.php on line 13.
 1 SYSTEMPATH\CodeIgniter.php(904): App\Controllers\Users->__construct()
 2 SYSTEMPATH\CodeIgniter.php(488): CodeIgniter\CodeIgniter->createController()
 3 SYSTEMPATH\CodeIgniter.php(366): CodeIgniter\CodeIgniter->handleRequest(null, Object(Config\Cache), false)
 4 FCPATH\index.php(67): CodeIgniter\CodeIgniter->run()
CRITICAL - 2023-07-02 16:43:20 --> Too few arguments to function App\Controllers\Users::__construct(), 0 passed in C:\xamp\htdocs\minimarkets\system\CodeIgniter.php on line 904 and exactly 1 expected
in APPPATH\Controllers\Users.php on line 13.
 1 SYSTEMPATH\CodeIgniter.php(904): App\Controllers\Users->__construct()
 2 SYSTEMPATH\CodeIgniter.php(488): CodeIgniter\CodeIgniter->createController()
 3 SYSTEMPATH\CodeIgniter.php(366): CodeIgniter\CodeIgniter->handleRequest(null, Object(Config\Cache), false)
 4 FCPATH\index.php(67): CodeIgniter\CodeIgniter->run()
CRITICAL - 2023-07-02 16:47:01 --> Too few arguments to function App\Controllers\Users::__construct(), 0 passed in C:\xamp\htdocs\minimarkets\system\CodeIgniter.php on line 904 and exactly 1 expected
in APPPATH\Controllers\Users.php on line 14.
 1 SYSTEMPATH\CodeIgniter.php(904): App\Controllers\Users->__construct()
 2 SYSTEMPATH\CodeIgniter.php(488): CodeIgniter\CodeIgniter->createController()
 3 SYSTEMPATH\CodeIgniter.php(366): CodeIgniter\CodeIgniter->handleRequest(null, Object(Config\Cache), false)
 4 FCPATH\index.php(67): CodeIgniter\CodeIgniter->run()
CRITICAL - 2023-07-02 16:47:31 --> Too few arguments to function App\Controllers\Users::__construct(), 0 passed in C:\xamp\htdocs\minimarkets\system\CodeIgniter.php on line 904 and exactly 1 expected
in APPPATH\Controllers\Users.php on line 14.
 1 SYSTEMPATH\CodeIgniter.php(904): App\Controllers\Users->__construct()
 2 SYSTEMPATH\CodeIgniter.php(488): CodeIgniter\CodeIgniter->createController()
 3 SYSTEMPATH\CodeIgniter.php(366): CodeIgniter\CodeIgniter->handleRequest(null, Object(Config\Cache), false)
 4 FCPATH\index.php(67): CodeIgniter\CodeIgniter->run()
CRITICAL - 2023-07-02 16:49:04 --> Too few arguments to function App\Controllers\Users::__construct(), 0 passed in C:\xamp\htdocs\minimarkets\system\CodeIgniter.php on line 904 and exactly 1 expected
in APPPATH\Controllers\Users.php on line 14.
 1 SYSTEMPATH\CodeIgniter.php(904): App\Controllers\Users->__construct()
 2 SYSTEMPATH\CodeIgniter.php(488): CodeIgniter\CodeIgniter->createController()
 3 SYSTEMPATH\CodeIgniter.php(366): CodeIgniter\CodeIgniter->handleRequest(null, Object(Config\Cache), false)
 4 FCPATH\index.php(67): CodeIgniter\CodeIgniter->run()
ERROR - 2023-07-02 17:11:55 --> mysqli_sql_exception: Table 'proyecto.registros' doesn't exist in C:\xamp\htdocs\minimarkets\system\Database\MySQLi\Connection.php:295
Stack trace:
#0 C:\xamp\htdocs\minimarkets\system\Database\MySQLi\Connection.php(295): mysqli->query('SELECT *\nFROM `...', 0)
#1 C:\xamp\htdocs\minimarkets\system\Database\BaseConnection.php(692): CodeIgniter\Database\MySQLi\Connection->execute('SELECT *\nFROM `...')
#2 C:\xamp\htdocs\minimarkets\system\Database\BaseConnection.php(606): CodeIgniter\Database\BaseConnection->simpleQuery('SELECT *\nFROM `...')
#3 C:\xamp\htdocs\minimarkets\system\Database\BaseBuilder.php(1616): CodeIgniter\Database\BaseConnection->query('SELECT *\nFROM `...', Array, false)
#4 C:\xamp\htdocs\minimarkets\system\Model.php(241): CodeIgniter\Database\BaseBuilder->get()
#5 C:\xamp\htdocs\minimarkets\system\BaseModel.php(618): CodeIgniter\Model->doFindAll(0, 0)
#6 C:\xamp\htdocs\minimarkets\app\Controllers\Users.php(35): CodeIgniter\BaseModel->findAll()
#7 C:\xamp\htdocs\minimarkets\system\CodeIgniter.php(932): App\Controllers\Users->index()
#8 C:\xamp\htdocs\minimarkets\system\CodeIgniter.php(497): CodeIgniter\CodeIgniter->runController(Object(App\Controllers\Users))
#9 C:\xamp\htdocs\minimarkets\system\CodeIgniter.php(366): CodeIgniter\CodeIgniter->handleRequest(NULL, Object(Config\Cache), false)
#10 C:\xamp\htdocs\minimarkets\index.php(67): CodeIgniter\CodeIgniter->run()
#11 {main}
CRITICAL - 2023-07-02 17:11:55 --> Table 'proyecto.registros' doesn't exist
in SYSTEMPATH\Database\MySQLi\Connection.php on line 295.
 1 SYSTEMPATH\Database\MySQLi\Connection.php(295): mysqli->query('SELECT *
FROM `registros`
WHERE `estado` = 1', 0)
 2 SYSTEMPATH\Database\BaseConnection.php(692): CodeIgniter\Database\MySQLi\Connection->execute('SELECT *
FROM `registros`
WHERE `estado` = 1')
 3 SYSTEMPATH\Database\BaseConnection.php(606): CodeIgniter\Database\BaseConnection->simpleQuery('SELECT *
FROM `registros`
WHERE `estado` = 1')
 4 SYSTEMPATH\Database\BaseBuilder.php(1616): CodeIgniter\Database\BaseConnection->query('SELECT *
FROM `registros`
WHERE `estado` = :estado:', [...], false)
 5 SYSTEMPATH\Model.php(241): CodeIgniter\Database\BaseBuilder->get()
 6 SYSTEMPATH\BaseModel.php(618): CodeIgniter\Model->doFindAll(0, 0)
 7 APPPATH\Controllers\Users.php(35): CodeIgniter\BaseModel->findAll()
 8 SYSTEMPATH\CodeIgniter.php(932): App\Controllers\Users->index()
 9 SYSTEMPATH\CodeIgniter.php(497): CodeIgniter\CodeIgniter->runController(Object(App\Controllers\Users))
10 SYSTEMPATH\CodeIgniter.php(366): CodeIgniter\CodeIgniter->handleRequest(null, Object(Config\Cache), false)
11 FCPATH\index.php(67): CodeIgniter\CodeIgniter->run()
CRITICAL - 2023-07-02 17:17:11 --> Undefined variable: data
in APPPATH\Controllers\Users.php on line 69.
 1 APPPATH\Controllers\Users.php(69): CodeIgniter\Debug\Exceptions->errorHandler(8, 'Undefined variable: data', 'C:\\xamp\\htdocs\\minimarkets\\app\\Controllers\\Users.php', 69, [...])
 2 SYSTEMPATH\CodeIgniter.php(932): App\Controllers\Users->index()
 3 SYSTEMPATH\CodeIgniter.php(497): CodeIgniter\CodeIgniter->runController(Object(App\Controllers\Users))
 4 SYSTEMPATH\CodeIgniter.php(366): CodeIgniter\CodeIgniter->handleRequest(null, Object(Config\Cache), false)
 5 FCPATH\index.php(67): CodeIgniter\CodeIgniter->run()
CRITICAL - 2023-07-02 17:17:56 --> Undefined variable: data
in APPPATH\Controllers\Users.php on line 69.
 1 APPPATH\Controllers\Users.php(69): CodeIgniter\Debug\Exceptions->errorHandler(8, 'Undefined variable: data', 'C:\\xamp\\htdocs\\minimarkets\\app\\Controllers\\Users.php', 69, [...])
 2 SYSTEMPATH\CodeIgniter.php(932): App\Controllers\Users->index()
 3 SYSTEMPATH\CodeIgniter.php(497): CodeIgniter\CodeIgniter->runController(Object(App\Controllers\Users))
 4 SYSTEMPATH\CodeIgniter.php(366): CodeIgniter\CodeIgniter->handleRequest(null, Object(Config\Cache), false)
 5 FCPATH\index.php(67): CodeIgniter\CodeIgniter->run()
CRITICAL - 2023-07-02 17:44:48 --> "create" is not a validation rules group.
in SYSTEMPATH\Validation\Validation.php on line 679.
 1 SYSTEMPATH\Validation\Validation.php(679): CodeIgniter\Validation\Exceptions\ValidationException::forGroupNotFound('create')
 2 SYSTEMPATH\Validation\Validation.php(131): CodeIgniter\Validation\Validation->loadRuleGroup('create')
 3 APPPATH\Controllers\Users.php(141): CodeIgniter\Validation\Validation->run([...], 'create')
 4 SYSTEMPATH\CodeIgniter.php(932): App\Controllers\Users->create()
 5 SYSTEMPATH\CodeIgniter.php(497): CodeIgniter\CodeIgniter->runController(Object(App\Controllers\Users))
 6 SYSTEMPATH\CodeIgniter.php(366): CodeIgniter\CodeIgniter->handleRequest(null, Object(Config\Cache), false)
 7 FCPATH\index.php(67): CodeIgniter\CodeIgniter->run()
CRITICAL - 2023-07-02 17:47:52 --> "create" is not a validation rules group.
in SYSTEMPATH\Validation\Validation.php on line 679.
 1 SYSTEMPATH\Validation\Validation.php(679): CodeIgniter\Validation\Exceptions\ValidationException::forGroupNotFound('create')
 2 SYSTEMPATH\Validation\Validation.php(131): CodeIgniter\Validation\Validation->loadRuleGroup('create')
 3 APPPATH\Controllers\Users.php(141): CodeIgniter\Validation\Validation->run([...], 'create')
 4 SYSTEMPATH\CodeIgniter.php(932): App\Controllers\Users->create()
 5 SYSTEMPATH\CodeIgniter.php(497): CodeIgniter\CodeIgniter->runController(Object(App\Controllers\Users))
 6 SYSTEMPATH\CodeIgniter.php(366): CodeIgniter\CodeIgniter->handleRequest(null, Object(Config\Cache), false)
 7 FCPATH\index.php(67): CodeIgniter\CodeIgniter->run()
CRITICAL - 2023-07-02 17:48:12 --> "create" is not a validation rules group.
in SYSTEMPATH\Validation\Validation.php on line 679.
 1 SYSTEMPATH\Validation\Validation.php(679): CodeIgniter\Validation\Exceptions\ValidationException::forGroupNotFound('create')
 2 SYSTEMPATH\Validation\Validation.php(131): CodeIgniter\Validation\Validation->loadRuleGroup('create')
 3 APPPATH\Controllers\Users.php(141): CodeIgniter\Validation\Validation->run([...], 'create')
 4 SYSTEMPATH\CodeIgniter.php(932): App\Controllers\Users->create()
 5 SYSTEMPATH\CodeIgniter.php(497): CodeIgniter\CodeIgniter->runController(Object(App\Controllers\Users))
 6 SYSTEMPATH\CodeIgniter.php(366): CodeIgniter\CodeIgniter->handleRequest(null, Object(Config\Cache), false)
 7 FCPATH\index.php(67): CodeIgniter\CodeIgniter->run()
CRITICAL - 2023-07-02 17:51:22 --> "create" is not a validation rules group.
in SYSTEMPATH\Validation\Validation.php on line 679.
 1 SYSTEMPATH\Validation\Validation.php(679): CodeIgniter\Validation\Exceptions\ValidationException::forGroupNotFound('create')
 2 SYSTEMPATH\Validation\Validation.php(131): CodeIgniter\Validation\Validation->loadRuleGroup('create')
 3 APPPATH\Controllers\Users.php(141): CodeIgniter\Validation\Validation->run([...], 'create')
 4 SYSTEMPATH\CodeIgniter.php(932): App\Controllers\Users->create()
 5 SYSTEMPATH\CodeIgniter.php(497): CodeIgniter\CodeIgniter->runController(Object(App\Controllers\Users))
 6 SYSTEMPATH\CodeIgniter.php(366): CodeIgniter\CodeIgniter->handleRequest(null, Object(Config\Cache), false)
 7 FCPATH\index.php(67): CodeIgniter\CodeIgniter->run()
CRITICAL - 2023-07-02 18:00:37 --> "create" is not a validation rules group.
in SYSTEMPATH\Validation\Validation.php on line 679.
 1 SYSTEMPATH\Validation\Validation.php(679): CodeIgniter\Validation\Exceptions\ValidationException::forGroupNotFound('create')
 2 SYSTEMPATH\Validation\Validation.php(131): CodeIgniter\Validation\Validation->loadRuleGroup('create')
 3 APPPATH\Controllers\Users.php(141): CodeIgniter\Validation\Validation->run([...], 'create')
 4 SYSTEMPATH\CodeIgniter.php(932): App\Controllers\Users->create()
 5 SYSTEMPATH\CodeIgniter.php(497): CodeIgniter\CodeIgniter->runController(Object(App\Controllers\Users))
 6 SYSTEMPATH\CodeIgniter.php(366): CodeIgniter\CodeIgniter->handleRequest(null, Object(Config\Cache), false)
 7 FCPATH\index.php(67): CodeIgniter\CodeIgniter->run()
CRITICAL - 2023-07-02 18:00:49 --> "create" is not a validation rules group.
in SYSTEMPATH\Validation\Validation.php on line 679.
 1 SYSTEMPATH\Validation\Validation.php(679): CodeIgniter\Validation\Exceptions\ValidationException::forGroupNotFound('create')
 2 SYSTEMPATH\Validation\Validation.php(131): CodeIgniter\Validation\Validation->loadRuleGroup('create')
 3 APPPATH\Controllers\Users.php(141): CodeIgniter\Validation\Validation->run([...], 'create')
 4 SYSTEMPATH\CodeIgniter.php(932): App\Controllers\Users->create()
 5 SYSTEMPATH\CodeIgniter.php(497): CodeIgniter\CodeIgniter->runController(Object(App\Controllers\Users))
 6 SYSTEMPATH\CodeIgniter.php(366): CodeIgniter\CodeIgniter->handleRequest(null, Object(Config\Cache), false)
 7 FCPATH\index.php(67): CodeIgniter\CodeIgniter->run()
ERROR - 2023-07-02 18:17:09 --> mysqli_sql_exception: Column 'password' cannot be null in C:\xamp\htdocs\minimarkets\system\Database\MySQLi\Connection.php:295
Stack trace:
#0 C:\xamp\htdocs\minimarkets\system\Database\MySQLi\Connection.php(295): mysqli->query('INSERT INTO `us...', 0)
#1 C:\xamp\htdocs\minimarkets\system\Database\BaseConnection.php(692): CodeIgniter\Database\MySQLi\Connection->execute('INSERT INTO `us...')
#2 C:\xamp\htdocs\minimarkets\system\Database\BaseConnection.php(606): CodeIgniter\Database\BaseConnection->simpleQuery('INSERT INTO `us...')
#3 C:\xamp\htdocs\minimarkets\system\Database\BaseBuilder.php(2309): CodeIgniter\Database\BaseConnection->query('INSERT INTO `us...', Array, false)
#4 C:\xamp\htdocs\minimarkets\system\Model.php(330): CodeIgniter\Database\BaseBuilder->insert()
#5 C:\xamp\htdocs\minimarkets\system\BaseModel.php(782): CodeIgniter\Model->doInsert(Array)
#6 C:\xamp\htdocs\minimarkets\system\Model.php(730): CodeIgniter\BaseModel->insert(Array, true)
#7 C:\xamp\htdocs\minimarkets\app\Controllers\Users.php(174): CodeIgniter\Model->insert(Array)
#8 C:\xamp\htdocs\minimarkets\system\CodeIgniter.php(932): App\Controllers\Users->create()
#9 C:\xamp\htdocs\minimarkets\system\CodeIgniter.php(497): CodeIgniter\CodeIgniter->runController(Object(App\Controllers\Users))
#10 C:\xamp\htdocs\minimarkets\system\CodeIgniter.php(366): CodeIgniter\CodeIgniter->handleRequest(NULL, Object(Config\Cache), false)
#11 C:\xamp\htdocs\minimarkets\index.php(67): CodeIgniter\CodeIgniter->run()
#12 {main}
CRITICAL - 2023-07-02 18:17:09 --> Column 'password' cannot be null
in SYSTEMPATH\Database\MySQLi\Connection.php on line 295.
 1 SYSTEMPATH\Database\MySQLi\Connection.php(295): mysqli->query('INSERT INTO `users` (`email`, `password`, `created_at`, `updated_at`) VALUES (\'mesias@gmail.com\', NULL, \'2023-07-02 18:17:09\', \'2023-07-02 18:17:09\')', 0)
 2 SYSTEMPATH\Database\BaseConnection.php(692): CodeIgniter\Database\MySQLi\Connection->execute('INSERT INTO `users` (`email`, `password`, `created_at`, `updated_at`) VALUES (\'mesias@gmail.com\', NULL, \'2023-07-02 18:17:09\', \'2023-07-02 18:17:09\')')
 3 SYSTEMPATH\Database\BaseConnection.php(606): CodeIgniter\Database\BaseConnection->simpleQuery('INSERT INTO `users` (`email`, `password`, `created_at`, `updated_at`) VALUES (\'mesias@gmail.com\', NULL, \'2023-07-02 18:17:09\', \'2023-07-02 18:17:09\')')
 4 SYSTEMPATH\Database\BaseBuilder.php(2309): CodeIgniter\Database\BaseConnection->query('INSERT INTO `users` (`email`, `password`, `created_at`, `updated_at`) VALUES (:email:, :password:, :created_at:, :updated_at:)', [...], false)
 5 SYSTEMPATH\Model.php(330): CodeIgniter\Database\BaseBuilder->insert()
 6 SYSTEMPATH\BaseModel.php(782): CodeIgniter\Model->doInsert([...])
 7 SYSTEMPATH\Model.php(730): CodeIgniter\BaseModel->insert([...], true)
 8 APPPATH\Controllers\Users.php(174): CodeIgniter\Model->insert([...])
 9 SYSTEMPATH\CodeIgniter.php(932): App\Controllers\Users->create()
10 SYSTEMPATH\CodeIgniter.php(497): CodeIgniter\CodeIgniter->runController(Object(App\Controllers\Users))
11 SYSTEMPATH\CodeIgniter.php(366): CodeIgniter\CodeIgniter->handleRequest(null, Object(Config\Cache), false)
12 FCPATH\index.php(67): CodeIgniter\CodeIgniter->run()
CRITICAL - 2023-07-02 19:16:31 --> Undefined index: id
in APPPATH\Views\principal.php on line 52.
 1 APPPATH\Views\principal.php(52): CodeIgniter\Debug\Exceptions->errorHandler(8, 'Undefined index: id', 'C:\\xamp\\htdocs\\minimarkets\\app\\Views\\principal.php', 52, [...])
 2 SYSTEMPATH\View\View.php(224): include('C:\\xamp\\htdocs\\minimarkets\\app\\Views\\principal.php')
 3 SYSTEMPATH\View\View.php(227): CodeIgniter\View\View->CodeIgniter\View\{closure}()
 4 SYSTEMPATH\Common.php(1180): CodeIgniter\View\View->render('principal', [], true)
 5 APPPATH\Controllers\Principal.php(17): view('principal', [...])
 6 SYSTEMPATH\CodeIgniter.php(932): App\Controllers\Principal->index()
 7 SYSTEMPATH\CodeIgniter.php(497): CodeIgniter\CodeIgniter->runController(Object(App\Controllers\Principal))
 8 SYSTEMPATH\CodeIgniter.php(366): CodeIgniter\CodeIgniter->handleRequest(null, Object(Config\Cache), false)
 9 FCPATH\index.php(67): CodeIgniter\CodeIgniter->run()
CRITICAL - 2023-07-02 19:16:33 --> Undefined index: id
in APPPATH\Views\principal.php on line 52.
 1 APPPATH\Views\principal.php(52): CodeIgniter\Debug\Exceptions->errorHandler(8, 'Undefined index: id', 'C:\\xamp\\htdocs\\minimarkets\\app\\Views\\principal.php', 52, [...])
 2 SYSTEMPATH\View\View.php(224): include('C:\\xamp\\htdocs\\minimarkets\\app\\Views\\principal.php')
 3 SYSTEMPATH\View\View.php(227): CodeIgniter\View\View->CodeIgniter\View\{closure}()
 4 SYSTEMPATH\Common.php(1180): CodeIgniter\View\View->render('principal', [], true)
 5 APPPATH\Controllers\Principal.php(17): view('principal', [...])
 6 SYSTEMPATH\CodeIgniter.php(932): App\Controllers\Principal->index()
 7 SYSTEMPATH\CodeIgniter.php(497): CodeIgniter\CodeIgniter->runController(Object(App\Controllers\Principal))
 8 SYSTEMPATH\CodeIgniter.php(366): CodeIgniter\CodeIgniter->handleRequest(null, Object(Config\Cache), false)
 9 FCPATH\index.php(67): CodeIgniter\CodeIgniter->run()
CRITICAL - 2023-07-02 19:16:55 --> Undefined index: id
in APPPATH\Views\principal.php on line 51.
 1 APPPATH\Views\principal.php(51): CodeIgniter\Debug\Exceptions->errorHandler(8, 'Undefined index: id', 'C:\\xamp\\htdocs\\minimarkets\\app\\Views\\principal.php', 51, [...])
 2 SYSTEMPATH\View\View.php(224): include('C:\\xamp\\htdocs\\minimarkets\\app\\Views\\principal.php')
 3 SYSTEMPATH\View\View.php(227): CodeIgniter\View\View->CodeIgniter\View\{closure}()
 4 SYSTEMPATH\Common.php(1180): CodeIgniter\View\View->render('principal', [], true)
 5 APPPATH\Controllers\Principal.php(17): view('principal', [...])
 6 SYSTEMPATH\CodeIgniter.php(932): App\Controllers\Principal->index()
 7 SYSTEMPATH\CodeIgniter.php(497): CodeIgniter\CodeIgniter->runController(Object(App\Controllers\Principal))
 8 SYSTEMPATH\CodeIgniter.php(366): CodeIgniter\CodeIgniter->handleRequest(null, Object(Config\Cache), false)
 9 FCPATH\index.php(67): CodeIgniter\CodeIgniter->run()
