INFO - 2023-07-03 04:11:37 --> Session: Class initialized using 'CodeIgniter\Session\Handlers\FileHandler' driver.
INFO - 2023-07-03 04:11:37 --> Session: Class initialized using 'CodeIgniter\Session\Handlers\FileHandler' driver.
INFO - 2023-07-03 04:12:10 --> Session: Class initialized using 'CodeIgniter\Session\Handlers\FileHandler' driver.
INFO - 2023-07-03 04:12:10 --> Session: Class initialized using 'CodeIgniter\Session\Handlers\FileHandler' driver.
INFO - 2023-07-03 04:12:16 --> Session: Class initialized using 'CodeIgniter\Session\Handlers\FileHandler' driver.
INFO - 2023-07-03 04:12:20 --> Session: Class initialized using 'CodeIgniter\Session\Handlers\FileHandler' driver.
INFO - 2023-07-03 04:12:47 --> Session: Class initialized using 'CodeIgniter\Session\Handlers\FileHandler' driver.
INFO - 2023-07-03 21:52:30 --> Session: Class initialized using 'CodeIgniter\Session\Handlers\FileHandler' driver.
INFO - 2023-07-03 21:52:34 --> Session: Class initialized using 'CodeIgniter\Session\Handlers\FileHandler' driver.
INFO - 2023-07-03 21:54:43 --> Session: Class initialized using 'CodeIgniter\Session\Handlers\FileHandler' driver.
INFO - 2023-07-03 21:54:53 --> Session: Class initialized using 'CodeIgniter\Session\Handlers\FileHandler' driver.
INFO - 2023-07-03 21:55:01 --> Session: Class initialized using 'CodeIgniter\Session\Handlers\FileHandler' driver.
INFO - 2023-07-03 21:55:14 --> Session: Class initialized using 'CodeIgniter\Session\Handlers\FileHandler' driver.
INFO - 2023-07-03 21:55:20 --> Session: Class initialized using 'CodeIgniter\Session\Handlers\FileHandler' driver.
INFO - 2023-07-03 21:55:25 --> Session: Class initialized using 'CodeIgniter\Session\Handlers\FileHandler' driver.
CRITICAL - 2023-07-03 23:46:19 --> Class 'App\Models\EmpresaModel' not found
in APPPATH\Controllers\Home.php on line 10.
 1 SYSTEMPATH\CodeIgniter.php(932): App\Controllers\Home->index()
 2 SYSTEMPATH\CodeIgniter.php(497): CodeIgniter\CodeIgniter->runController(Object(App\Controllers\Home))
 3 SYSTEMPATH\CodeIgniter.php(366): CodeIgniter\CodeIgniter->handleRequest(null, Object(Config\Cache), false)
 4 FCPATH\index.php(67): CodeIgniter\CodeIgniter->run()
CRITICAL - 2023-07-03 23:47:11 --> Undefined index: nombre_comercial
in APPPATH\Views\principal.php on line 45.
 1 APPPATH\Views\principal.php(45): CodeIgniter\Debug\Exceptions->errorHandler(8, 'Undefined index: nombre_comercial', 'C:\\xamp\\htdocs\\minimarkets\\app\\Views\\principal.php', 45, [...])
 2 SYSTEMPATH\View\View.php(224): include('C:\\xamp\\htdocs\\minimarkets\\app\\Views\\principal.php')
 3 SYSTEMPATH\View\View.php(227): CodeIgniter\View\View->CodeIgniter\View\{closure}()
 4 SYSTEMPATH\Common.php(1180): CodeIgniter\View\View->render('principal', [], true)
 5 APPPATH\Controllers\Home.php(17): view('principal', [...])
 6 SYSTEMPATH\CodeIgniter.php(932): App\Controllers\Home->index()
 7 SYSTEMPATH\CodeIgniter.php(497): CodeIgniter\CodeIgniter->runController(Object(App\Controllers\Home))
 8 SYSTEMPATH\CodeIgniter.php(366): CodeIgniter\CodeIgniter->handleRequest(null, Object(Config\Cache), false)
 9 FCPATH\index.php(67): CodeIgniter\CodeIgniter->run()
CRITICAL - 2023-07-03 23:50:23 --> Undefined index: ruc
in APPPATH\Views\principal.php on line 45.
 1 APPPATH\Views\principal.php(45): CodeIgniter\Debug\Exceptions->errorHandler(8, 'Undefined index: ruc', 'C:\\xamp\\htdocs\\minimarkets\\app\\Views\\principal.php', 45, [...])
 2 SYSTEMPATH\View\View.php(224): include('C:\\xamp\\htdocs\\minimarkets\\app\\Views\\principal.php')
 3 SYSTEMPATH\View\View.php(227): CodeIgniter\View\View->CodeIgniter\View\{closure}()
 4 SYSTEMPATH\Common.php(1180): CodeIgniter\View\View->render('principal', [], true)
 5 APPPATH\Controllers\Home.php(17): view('principal', [...])
 6 SYSTEMPATH\CodeIgniter.php(932): App\Controllers\Home->index()
 7 SYSTEMPATH\CodeIgniter.php(497): CodeIgniter\CodeIgniter->runController(Object(App\Controllers\Home))
 8 SYSTEMPATH\CodeIgniter.php(366): CodeIgniter\CodeIgniter->handleRequest(null, Object(Config\Cache), false)
 9 FCPATH\index.php(67): CodeIgniter\CodeIgniter->run()
CRITICAL - 2023-07-03 23:51:52 --> Undefined index: r_social
in APPPATH\Views\principal.php on line 45.
 1 APPPATH\Views\principal.php(45): CodeIgniter\Debug\Exceptions->errorHandler(8, 'Undefined index: r_social', 'C:\\xamp\\htdocs\\minimarkets\\app\\Views\\principal.php', 45, [...])
 2 SYSTEMPATH\View\View.php(224): include('C:\\xamp\\htdocs\\minimarkets\\app\\Views\\principal.php')
 3 SYSTEMPATH\View\View.php(227): CodeIgniter\View\View->CodeIgniter\View\{closure}()
 4 SYSTEMPATH\Common.php(1180): CodeIgniter\View\View->render('principal', [], true)
 5 APPPATH\Controllers\Home.php(17): view('principal', [...])
 6 SYSTEMPATH\CodeIgniter.php(932): App\Controllers\Home->index()
 7 SYSTEMPATH\CodeIgniter.php(497): CodeIgniter\CodeIgniter->runController(Object(App\Controllers\Home))
 8 SYSTEMPATH\CodeIgniter.php(366): CodeIgniter\CodeIgniter->handleRequest(null, Object(Config\Cache), false)
 9 FCPATH\index.php(67): CodeIgniter\CodeIgniter->run()
CRITICAL - 2023-07-03 23:51:57 --> Undefined index: empresa_id
in APPPATH\Views\principal.php on line 47.
 1 APPPATH\Views\principal.php(47): CodeIgniter\Debug\Exceptions->errorHandler(8, 'Undefined index: empresa_id', 'C:\\xamp\\htdocs\\minimarkets\\app\\Views\\principal.php', 47, [...])
 2 SYSTEMPATH\View\View.php(224): include('C:\\xamp\\htdocs\\minimarkets\\app\\Views\\principal.php')
 3 SYSTEMPATH\View\View.php(227): CodeIgniter\View\View->CodeIgniter\View\{closure}()
 4 SYSTEMPATH\Common.php(1180): CodeIgniter\View\View->render('principal', [], true)
 5 APPPATH\Controllers\Home.php(17): view('principal', [...])
 6 SYSTEMPATH\CodeIgniter.php(932): App\Controllers\Home->index()
 7 SYSTEMPATH\CodeIgniter.php(497): CodeIgniter\CodeIgniter->runController(Object(App\Controllers\Home))
 8 SYSTEMPATH\CodeIgniter.php(366): CodeIgniter\CodeIgniter->handleRequest(null, Object(Config\Cache), false)
 9 FCPATH\index.php(67): CodeIgniter\CodeIgniter->run()
CRITICAL - 2023-07-03 23:52:09 --> Undefined index: 
in APPPATH\Views\principal.php on line 47.
 1 APPPATH\Views\principal.php(47): CodeIgniter\Debug\Exceptions->errorHandler(8, 'Undefined index: ', 'C:\\xamp\\htdocs\\minimarkets\\app\\Views\\principal.php', 47, [...])
 2 SYSTEMPATH\View\View.php(224): include('C:\\xamp\\htdocs\\minimarkets\\app\\Views\\principal.php')
 3 SYSTEMPATH\View\View.php(227): CodeIgniter\View\View->CodeIgniter\View\{closure}()
 4 SYSTEMPATH\Common.php(1180): CodeIgniter\View\View->render('principal', [], true)
 5 APPPATH\Controllers\Home.php(17): view('principal', [...])
 6 SYSTEMPATH\CodeIgniter.php(932): App\Controllers\Home->index()
 7 SYSTEMPATH\CodeIgniter.php(497): CodeIgniter\CodeIgniter->runController(Object(App\Controllers\Home))
 8 SYSTEMPATH\CodeIgniter.php(366): CodeIgniter\CodeIgniter->handleRequest(null, Object(Config\Cache), false)
 9 FCPATH\index.php(67): CodeIgniter\CodeIgniter->run()
